2022-12-17 12:51:04.411 INFO  (main) [] o.e.j.u.log Logging initialized @803ms to org.eclipse.jetty.util.log.Slf4jLog
2022-12-17 12:51:04.611 INFO  (main) [] o.e.j.s.Server jetty-9.4.48.v20220622; built: 2022-06-21T20:42:25.880Z; git: 6b67c5719d1f4371b33655ff2d047d24e171e49a; jvm 17.0.5+8
2022-12-17 12:51:04.906 INFO  (main) [] o.a.s.s.CoreContainerProvider Using logger factory org.apache.logging.slf4j.Log4jLoggerFactory
2022-12-17 12:51:04.916 INFO  (main) [] o.a.s.s.CoreContainerProvider  ___      _       Welcome to Apache Solr™ version 9.1.0
2022-12-17 12:51:04.916 INFO  (main) [] o.a.s.s.CoreContainerProvider / __| ___| |_ _   Starting in standalone mode on port 8983
2022-12-17 12:51:04.917 INFO  (main) [] o.a.s.s.CoreContainerProvider \__ \/ _ \ | '_|  Install dir: /opt/solr
2022-12-17 12:51:04.917 INFO  (main) [] o.a.s.s.CoreContainerProvider |___/\___/_|_|    Start time: 2022-12-17T12:51:04.917439821Z
2022-12-17 12:51:04.922 INFO  (main) [] o.a.s.s.CoreContainerProvider Solr Home: /var/solr/data (source: system property: solr.solr.home)
2022-12-17 12:51:04.924 INFO  (main) [] o.a.s.c.SolrXmlConfig Loading solr.xml from /var/solr/data/solr.xml
2022-12-17 12:51:04.996 INFO  (main) [] o.a.s.c.SolrResourceLoader Added 1 libs to classloader, from paths: [/opt/solr/lib]
2022-12-17 12:51:05.604 WARN  (main) [] o.a.s.h.c.HttpShardHandlerFactory Property 'shardsWhitelist' is deprecated, please use 'allowUrls' instead.
2022-12-17 12:51:05.844 WARN  (main) [] o.a.s.u.StartupLoggingUtils Jetty request logging enabled. Will retain logs for last 3 days. See chapter "Configuring Logging" in reference guide for how to configure.
2022-12-17 12:51:05.846 WARN  (main) [] o.a.s.c.CoreContainer Not all security plugins configured!  authentication=disabled authorization=disabled.  Solr is only as secure as you make it. Consider configuring authentication/authorization before exposing Solr to users internal or external.  See https://s.apache.org/solrsecurity for more info
2022-12-17 12:51:06.009 INFO  (main) [] o.a.s.c.CorePropertiesLocator Found 1 core definitions underneath /var/solr/data
2022-12-17 12:51:06.010 INFO  (main) [] o.a.s.c.CorePropertiesLocator Cores are: [final_authors]
2022-12-17 12:51:06.013 INFO  (coreLoadExecutor-10-thread-1) [] o.a.s.c.TransientSolrCoreCacheDefault Allocating transient core cache for max 2147483647 cores with initial capacity of 1024
2022-12-17 12:51:06.050 INFO  (coreLoadExecutor-10-thread-1) [ x:final_authors] o.a.s.c.SolrConfig Using Lucene MatchVersion: 9.3.0
2022-12-17 12:51:06.081 INFO  (main) [] o.e.j.s.h.ContextHandler Started o.e.j.w.WebAppContext@76a36b71{/solr,file:///opt/solr-9.1.0/server/solr-webapp/webapp/,AVAILABLE}{/opt/solr-9.1.0/server/solr-webapp/webapp}
2022-12-17 12:51:06.088 INFO  (main) [] o.e.j.s.RequestLogWriter Opened /var/solr/logs/2022_12_17.request.log
2022-12-17 12:51:06.095 INFO  (main) [] o.e.j.s.AbstractConnector Started ServerConnector@7fe7c640{HTTP/1.1, (http/1.1, h2c)}{0.0.0.0:8983}
2022-12-17 12:51:06.095 INFO  (main) [] o.e.j.s.Server Started @2489ms
2022-12-17 12:51:06.140 INFO  (coreLoadExecutor-10-thread-1) [ x:final_authors] o.a.s.s.IndexSchema Schema name=default-config
2022-12-17 12:51:06.369 INFO  (coreLoadExecutor-10-thread-1) [ x:final_authors] o.a.s.s.IndexSchema Loaded schema default-config/1.6 with uniqueid field id
2022-12-17 12:51:06.369 INFO  (coreLoadExecutor-10-thread-1) [ x:final_authors] o.a.s.c.CoreContainer Creating SolrCore 'final_authors' using configuration from instancedir /var/solr/data/final_authors, trusted=true
2022-12-17 12:51:06.402 INFO  (coreLoadExecutor-10-thread-1) [ x:final_authors] o.a.s.c.SolrCore Opening new SolrCore at [/var/solr/data/final_authors], dataDir=[/var/solr/data/final_authors/data/]
2022-12-17 12:51:06.820 INFO  (coreLoadExecutor-10-thread-1) [ x:final_authors] o.a.s.u.UpdateHandler Using UpdateLog implementation: org.apache.solr.update.UpdateLog
2022-12-17 12:51:06.820 INFO  (coreLoadExecutor-10-thread-1) [ x:final_authors] o.a.s.u.UpdateLog Initializing UpdateLog: dataDir= defaultSyncLevel=FLUSH numRecordsToKeep=100 maxNumLogsToKeep=10 numVersionBuckets=65536
2022-12-17 12:51:06.840 INFO  (coreLoadExecutor-10-thread-1) [ x:final_authors] o.a.s.u.CommitTracker Hard AutoCommit: if uncommitted for 15000ms; 
2022-12-17 12:51:06.840 INFO  (coreLoadExecutor-10-thread-1) [ x:final_authors] o.a.s.u.CommitTracker Soft AutoCommit: disabled
2022-12-17 12:51:06.983 INFO  (coreLoadExecutor-10-thread-1) [ x:final_authors] o.a.s.r.ManagedResourceStorage File-based storage initialized to use dir: /var/solr/data/final_authors/conf
2022-12-17 12:51:06.996 INFO  (coreLoadExecutor-10-thread-1) [ x:final_authors] o.a.s.s.DirectSolrSpellChecker init: {maxEdits=2, minPrefix=1, maxInspections=5, minQueryLength=4, accuracy=0.5, maxQueryFrequency=0.01, name=default, field=_text_, classname=solr.DirectSolrSpellChecker, distanceMeasure=internal}
2022-12-17 12:51:07.004 INFO  (coreLoadExecutor-10-thread-1) [ x:final_authors] o.a.s.h.ReplicationHandler Commits will be reserved for 10000 ms
2022-12-17 12:51:07.016 INFO  (searcherExecutor-12-thread-1-processing-final_authors) [ x:final_authors] o.a.s.c.QuerySenderListener QuerySenderListener done.
2022-12-17 12:51:07.016 INFO  (searcherExecutor-12-thread-1-processing-final_authors) [ x:final_authors] o.a.s.h.c.SpellCheckComponent Loading spell index for spellchecker: default
2022-12-17 12:51:07.025 INFO  (searcherExecutor-12-thread-1-processing-final_authors) [ x:final_authors] o.a.s.c.SolrCore Registered new searcher autowarm time: 0 ms
2022-12-17 13:05:49.821 INFO  (qtp1622458036-43) [ x:final_authors] o.a.s.c.S.Request webapp=/solr path=/config/params params={wt=json&_=1671212379568} status=0 QTime=7
2022-12-17 13:05:49.821 INFO  (qtp1622458036-45) [] o.a.s.s.HttpSolrCall [admin] webapp=null path=/admin/cores params={indexInfo=false&wt=json&_=1671212379519} status=0 QTime=7
2022-12-17 13:05:49.829 INFO  (qtp1622458036-44) [] o.a.s.s.HttpSolrCall [admin] webapp=null path=/admin/info/system params={wt=json&_=1671212379519} status=0 QTime=16
2022-12-17 13:05:49.889 INFO  (qtp1622458036-22) [ x:final_authors] o.a.s.c.S.Request webapp=/solr path=/select params={q=33b54280-223d-4905-8812-9c98b373a8de&indent=true&fl=author,id&q.op=OR&sort=field(author)+asc&rows=21&debugQuery=false&useParams=&_=1671212379568} hits=1 status=0 QTime=75
2022-12-17 13:05:58.073 INFO  (qtp1622458036-25) [] o.a.s.s.HttpSolrCall [admin] webapp=null path=/admin/cores params={indexInfo=false&wt=json&_=1671212379519} status=0 QTime=0
2022-12-17 13:05:58.074 INFO  (qtp1622458036-21) [ x:final_authors] o.a.s.c.S.Request webapp=/solr path=/config/params params={wt=json&_=1671212379568} status=0 QTime=0
2022-12-17 13:05:58.080 INFO  (qtp1622458036-20) [] o.a.s.s.HttpSolrCall [admin] webapp=null path=/admin/info/system params={wt=json&_=1671212379519} status=0 QTime=7
2022-12-17 13:05:58.093 INFO  (qtp1622458036-44) [ x:final_authors] o.a.s.c.S.Request webapp=/solr path=/select params={q=33b54280-223d-4905-8812-9c98b373a8de&indent=true&fl=author,id&q.op=OR&fq=id&sort=field(author)+asc&rows=21&debugQuery=false&useParams=&_=1671212379568} hits=0 status=0 QTime=19
2022-12-17 13:06:05.819 INFO  (qtp1622458036-19) [] o.a.s.s.HttpSolrCall [admin] webapp=null path=/admin/cores params={indexInfo=false&wt=json&_=1671212379519} status=0 QTime=0
2022-12-17 13:06:05.820 INFO  (qtp1622458036-26) [ x:final_authors] o.a.s.c.S.Request webapp=/solr path=/config/params params={wt=json&_=1671212379568} status=0 QTime=0
2022-12-17 13:06:05.827 INFO  (qtp1622458036-27) [] o.a.s.s.HttpSolrCall [admin] webapp=null path=/admin/info/system params={wt=json&_=1671212379519} status=0 QTime=8
2022-12-17 13:06:05.835 INFO  (qtp1622458036-41) [ x:final_authors] o.a.s.c.S.Request webapp=/solr path=/select params={q=33b54280-223d-4905-8812-9c98b373a8de&indent=true&fl=author,id&q.op=OR&rows=21&debugQuery=false&useParams=&_=1671212379568} hits=1 status=0 QTime=14
2022-12-17 13:06:16.999 INFO  (qtp1622458036-45) [ x:final_authors] o.a.s.c.S.Request webapp=/solr path=/config/params params={wt=json&_=1671212379568} status=0 QTime=0
2022-12-17 13:06:16.999 INFO  (qtp1622458036-22) [] o.a.s.s.HttpSolrCall [admin] webapp=null path=/admin/cores params={indexInfo=false&wt=json&_=1671212379519} status=0 QTime=0
2022-12-17 13:06:17.003 INFO  (qtp1622458036-25) [ x:final_authors] o.a.s.c.S.Request webapp=/solr path=/select params={q=33b54280-223d-4905-8812-9c98b373a8de&indent=true&q.op=OR&rows=21&debugQuery=false&useParams=&_=1671212379568} hits=1 status=0 QTime=3
2022-12-17 13:06:17.018 INFO  (qtp1622458036-43) [] o.a.s.s.HttpSolrCall [admin] webapp=null path=/admin/info/system params={wt=json&_=1671212379519} status=0 QTime=18
2022-12-17 13:08:54.224 INFO  (qtp1622458036-23) [] o.a.s.s.HttpSolrCall [admin] webapp=null path=/admin/cores params={indexInfo=false&wt=json&_=1671212379519} status=0 QTime=0
2022-12-17 13:08:54.227 INFO  (qtp1622458036-21) [ x:final_authors] o.a.s.c.S.Request webapp=/solr path=/config/params params={wt=json&_=1671212379568} status=0 QTime=0
2022-12-17 13:08:54.242 INFO  (qtp1622458036-18) [] o.a.s.s.HttpSolrCall [admin] webapp=null path=/admin/info/system params={wt=json&_=1671212379519} status=0 QTime=16
2022-12-17 13:08:54.248 INFO  (qtp1622458036-27) [ x:final_authors] o.a.s.c.S.Request webapp=/solr path=/select params={q=33b54280-223d-4905-8812-9c98b373a8de&indent=true&fl=author,title,booktitle,journal&q.op=AND&rows=21&debugQuery=false&useParams=&_=1671212379568} hits=1 status=0 QTime=19
2022-12-17 13:08:56.407 INFO  (qtp1622458036-45) [ x:final_authors] o.a.s.c.S.Request webapp=/solr path=/config/params params={wt=json&_=1671212379568} status=0 QTime=0
2022-12-17 13:08:56.407 INFO  (qtp1622458036-19) [] o.a.s.s.HttpSolrCall [admin] webapp=null path=/admin/cores params={indexInfo=false&wt=json&_=1671212379519} status=0 QTime=0
2022-12-17 13:08:56.411 INFO  (qtp1622458036-46) [ x:final_authors] o.a.s.c.S.Request webapp=/solr path=/select params={q=33b54280-223d-4905-8812-9c98b373a8de&indent=true&fl=author,title,booktitle,journal&q.op=AND&rows=21&debugQuery=false&useParams=&_=1671212379568} hits=1 status=0 QTime=2
2022-12-17 13:08:56.420 INFO  (qtp1622458036-25) [] o.a.s.s.HttpSolrCall [admin] webapp=null path=/admin/info/system params={wt=json&_=1671212379519} status=0 QTime=13
2022-12-17 13:09:00.839 INFO  (qtp1622458036-27) [ x:final_authors] o.a.s.c.S.Request webapp=/solr path=/config/params params={wt=json&_=1671212379568} status=0 QTime=0
2022-12-17 13:09:00.839 INFO  (qtp1622458036-21) [] o.a.s.s.HttpSolrCall [admin] webapp=null path=/admin/cores params={indexInfo=false&wt=json&_=1671212379519} status=0 QTime=0
2022-12-17 13:09:00.842 INFO  (qtp1622458036-47) [ x:final_authors] o.a.s.c.S.Request webapp=/solr path=/select params={q=33b54280-223d-4905-8812-9c98b373a8de&indent=true&fl=author,title,booktitle,journal&q.op=OR&rows=21&debugQuery=false&useParams=&_=1671212379568} hits=1 status=0 QTime=3
2022-12-17 13:09:00.855 INFO  (qtp1622458036-43) [] o.a.s.s.HttpSolrCall [admin] webapp=null path=/admin/info/system params={wt=json&_=1671212379519} status=0 QTime=17
2022-12-17 13:14:59.225 INFO  (qtp1622458036-18) [ x:final_authors] o.a.s.c.S.Request webapp=/solr path=/select params={q=*:*&indent=true&fl=author,id&q.op=OR&sort=field(author)+asc&rows=1000&useParams=} hits=21 status=0 QTime=33
2022-12-17 13:16:40.939 INFO  (qtp1622458036-26) [ x:final_authors] o.a.s.c.S.Request webapp=/solr path=/select params={q=*:*&indent=true&fl=author,id&q.op=OR&sort=field(author)+asc&rows=1000&useParams=} hits=21 status=0 QTime=1
2022-12-17 13:22:03.672 INFO  (qtp1622458036-18) [ x:final_authors] o.a.s.c.S.Request webapp=/solr path=/select params={q=166ab05c-d783-4645-b836-85e4405a9cfe&indent=true&fl=author,title,booktitle,journal&q.op=OR&rows=10&useParams=$wh%3Djson} hits=1 status=0 QTime=4
2022-12-17 13:22:26.525 INFO  (qtp1622458036-25) [ x:final_authors] o.a.s.c.S.Request webapp=/solr path=/select params={q=166ab05c-d783-4645-b836-85e4405a9cfe&indent=true&fl=author,title,booktitle,journal&q.op=OR&rows=10&useParams=$wh%3Djson} hits=1 status=0 QTime=1
2022-12-17 13:33:34.638 INFO  (qtp1622458036-18) [ x:final_authors] o.a.s.c.S.Request webapp=/solr path=/select params={q=994685a4-7567-4955-871e-5631768066af&indent=true&fl=author,title,booktitle,journal&q.op=OR&rows=10&useParams=$wh%3Djson} hits=1 status=0 QTime=4
2022-12-17 13:33:34.656 INFO  (qtp1622458036-19) [ x:final_authors] o.a.s.c.S.Request webapp=/solr path=/select params={q=e0bac476-52b4-4ec3-b94e-29038b91c311&indent=true&fl=author,title,booktitle,journal&q.op=OR&rows=10&useParams=$wh%3Djson} hits=1 status=0 QTime=3
2022-12-17 13:34:58.252 INFO  (qtp1622458036-49) [ x:final_authors] o.a.s.c.S.Request webapp=/solr path=/select params={q=994685a4-7567-4955-871e-5631768066af&indent=true&fl=author,title,booktitle,journal&q.op=OR&rows=10&useParams=$wh%3Djson} hits=1 status=0 QTime=1
2022-12-17 13:34:58.268 INFO  (qtp1622458036-41) [ x:final_authors] o.a.s.c.S.Request webapp=/solr path=/select params={q=e0bac476-52b4-4ec3-b94e-29038b91c311&indent=true&fl=author,title,booktitle,journal&q.op=OR&rows=10&useParams=$wh%3Djson} hits=1 status=0 QTime=1
2022-12-17 13:37:59.023 INFO  (qtp1622458036-22) [ x:final_authors] o.a.s.c.S.Request webapp=/solr path=/select params={q=994685a4-7567-4955-871e-5631768066af&indent=true&fl=author,title,booktitle,journal&q.op=OR&rows=10&useParams=$wh%3Djson} hits=1 status=0 QTime=1
2022-12-17 13:37:59.039 INFO  (qtp1622458036-26) [ x:final_authors] o.a.s.c.S.Request webapp=/solr path=/select params={q=e0bac476-52b4-4ec3-b94e-29038b91c311&indent=true&fl=author,title,booktitle,journal&q.op=OR&rows=10&useParams=$wh%3Djson} hits=1 status=0 QTime=1
2022-12-17 13:40:37.865 INFO  (qtp1622458036-26) [ x:final_authors] o.a.s.c.S.Request webapp=/solr path=/select params={q=994685a4-7567-4955-871e-5631768066af&indent=true&fl=author,title,booktitle,journal&q.op=OR&rows=10&useParams=$wh%3Djson} hits=1 status=0 QTime=1
2022-12-17 13:40:37.881 INFO  (qtp1622458036-25) [ x:final_authors] o.a.s.c.S.Request webapp=/solr path=/select params={q=e0bac476-52b4-4ec3-b94e-29038b91c311&indent=true&fl=author,title,booktitle,journal&q.op=OR&rows=10&useParams=$wh%3Djson} hits=1 status=0 QTime=1
2022-12-17 13:41:06.728 INFO  (qtp1622458036-19) [ x:final_authors] o.a.s.c.S.Request webapp=/solr path=/select params={q=994685a4-7567-4955-871e-5631768066af&indent=true&fl=author,title,booktitle,journal&q.op=OR&rows=10&useParams=$wh%3Djson} hits=1 status=0 QTime=1
2022-12-17 13:41:06.744 INFO  (qtp1622458036-49) [ x:final_authors] o.a.s.c.S.Request webapp=/solr path=/select params={q=e0bac476-52b4-4ec3-b94e-29038b91c311&indent=true&fl=author,title,booktitle,journal&q.op=OR&rows=10&useParams=$wh%3Djson} hits=1 status=0 QTime=1
2022-12-17 13:41:09.777 INFO  (qtp1622458036-46) [ x:final_authors] o.a.s.c.S.Request webapp=/solr path=/select params={q=994685a4-7567-4955-871e-5631768066af&indent=true&fl=author,title,booktitle,journal&q.op=OR&rows=10&useParams=$wh%3Djson} hits=1 status=0 QTime=1
2022-12-17 13:41:09.793 INFO  (qtp1622458036-41) [ x:final_authors] o.a.s.c.S.Request webapp=/solr path=/select params={q=e0bac476-52b4-4ec3-b94e-29038b91c311&indent=true&fl=author,title,booktitle,journal&q.op=OR&rows=10&useParams=$wh%3Djson} hits=1 status=0 QTime=1
2022-12-17 13:41:10.945 INFO  (qtp1622458036-45) [ x:final_authors] o.a.s.c.S.Request webapp=/solr path=/select params={q=994685a4-7567-4955-871e-5631768066af&indent=true&fl=author,title,booktitle,journal&q.op=OR&rows=10&useParams=$wh%3Djson} hits=1 status=0 QTime=1
2022-12-17 13:41:10.962 INFO  (qtp1622458036-22) [ x:final_authors] o.a.s.c.S.Request webapp=/solr path=/select params={q=e0bac476-52b4-4ec3-b94e-29038b91c311&indent=true&fl=author,title,booktitle,journal&q.op=OR&rows=10&useParams=$wh%3Djson} hits=1 status=0 QTime=1
2022-12-17 13:42:58.448 INFO  (qtp1622458036-25) [ x:final_authors] o.a.s.c.S.Request webapp=/solr path=/select params={q=994685a4-7567-4955-871e-5631768066af&indent=true&fl=author,title,booktitle,journal&q.op=OR&rows=10&useParams=$wh%3Djson} hits=1 status=0 QTime=1
2022-12-17 13:42:58.463 INFO  (qtp1622458036-19) [ x:final_authors] o.a.s.c.S.Request webapp=/solr path=/select params={q=e0bac476-52b4-4ec3-b94e-29038b91c311&indent=true&fl=author,title,booktitle,journal&q.op=OR&rows=10&useParams=$wh%3Djson} hits=1 status=0 QTime=1
2022-12-17 13:43:42.460 INFO  (qtp1622458036-49) [ x:final_authors] o.a.s.c.S.Request webapp=/solr path=/select params={q=994685a4-7567-4955-871e-5631768066af&indent=true&fl=author,title,booktitle,journal&q.op=OR&rows=10&useParams=$wh%3Djson} hits=1 status=0 QTime=1
2022-12-17 13:43:42.473 INFO  (qtp1622458036-46) [ x:final_authors] o.a.s.c.S.Request webapp=/solr path=/select params={q=e0bac476-52b4-4ec3-b94e-29038b91c311&indent=true&fl=author,title,booktitle,journal&q.op=OR&rows=10&useParams=$wh%3Djson} hits=1 status=0 QTime=1
2022-12-17 13:43:44.186 INFO  (qtp1622458036-45) [ x:final_authors] o.a.s.c.S.Request webapp=/solr path=/select params={q=*:*&indent=true&fl=author,id&q.op=OR&sort=field(author)+asc&rows=1000&useParams=} hits=21 status=0 QTime=2
2022-12-17 13:43:48.043 INFO  (qtp1622458036-41) [ x:final_authors] o.a.s.c.S.Request webapp=/solr path=/select params={q=33b54280-223d-4905-8812-9c98b373a8de&indent=true&fl=author,title,booktitle,journal&q.op=OR&rows=10&useParams=$wh%3Djson} hits=1 status=0 QTime=1
2022-12-17 13:43:50.290 INFO  (qtp1622458036-22) [ x:final_authors] o.a.s.c.S.Request webapp=/solr path=/select params={q=33b54280-223d-4905-8812-9c98b373a8de&indent=true&fl=author,title,booktitle,journal&q.op=OR&rows=10&useParams=$wh%3Djson} hits=1 status=0 QTime=1
2022-12-17 13:43:50.306 INFO  (qtp1622458036-25) [ x:final_authors] o.a.s.c.S.Request webapp=/solr path=/select params={q=994685a4-7567-4955-871e-5631768066af&indent=true&fl=author,title,booktitle,journal&q.op=OR&rows=10&useParams=$wh%3Djson} hits=1 status=0 QTime=1
2022-12-17 13:45:17.704 INFO  (qtp1622458036-19) [ x:final_authors] o.a.s.c.S.Request webapp=/solr path=/select params={q=*:*&indent=true&fl=author,id&q.op=OR&sort=field(author)+asc&rows=1000&useParams=} hits=21 status=0 QTime=1
2022-12-17 13:46:10.215 INFO  (qtp1622458036-46) [ x:final_authors] o.a.s.c.S.Request webapp=/solr path=/select params={q=*:*&indent=true&fl=author,id&q.op=OR&sort=field(author)+asc&rows=1000&useParams=} hits=21 status=0 QTime=2
2022-12-17 13:46:17.807 INFO  (qtp1622458036-49) [ x:final_authors] o.a.s.c.S.Request webapp=/solr path=/select params={q=*:*&indent=true&fl=author,id&q.op=OR&sort=field(author)+asc&rows=1000&useParams=} hits=21 status=0 QTime=1
2022-12-17 13:46:26.313 INFO  (qtp1622458036-45) [ x:final_authors] o.a.s.c.S.Request webapp=/solr path=/select params={q=*:*&indent=true&fl=author,id&q.op=OR&sort=field(author)+asc&rows=1000&useParams=} hits=21 status=0 QTime=2
2022-12-17 13:46:37.299 INFO  (qtp1622458036-41) [ x:final_authors] o.a.s.c.S.Request webapp=/solr path=/select params={q=33b54280-223d-4905-8812-9c98b373a8de&indent=true&fl=author,title,booktitle,journal&q.op=OR&rows=10&useParams=$wh%3Djson} hits=1 status=0 QTime=1
2022-12-17 13:46:37.315 INFO  (qtp1622458036-22) [ x:final_authors] o.a.s.c.S.Request webapp=/solr path=/select params={q=994685a4-7567-4955-871e-5631768066af&indent=true&fl=author,title,booktitle,journal&q.op=OR&rows=10&useParams=$wh%3Djson} hits=1 status=0 QTime=0
2022-12-17 13:48:08.230 INFO  (qtp1622458036-25) [ x:final_authors] o.a.s.c.S.Request webapp=/solr path=/select params={q=33b54280-223d-4905-8812-9c98b373a8de&indent=true&fl=author,title,booktitle,journal&q.op=OR&rows=10&useParams=$wh%3Djson} hits=1 status=0 QTime=1
2022-12-17 13:48:08.246 INFO  (qtp1622458036-46) [ x:final_authors] o.a.s.c.S.Request webapp=/solr path=/select params={q=994685a4-7567-4955-871e-5631768066af&indent=true&fl=author,title,booktitle,journal&q.op=OR&rows=10&useParams=$wh%3Djson} hits=1 status=0 QTime=1
2022-12-17 13:48:17.806 INFO  (qtp1622458036-49) [ x:final_authors] o.a.s.c.S.Request webapp=/solr path=/select params={q=994685a4-7567-4955-871e-5631768066af&indent=true&fl=author,title,booktitle,journal&q.op=OR&rows=10&useParams=$wh%3Djson} hits=1 status=0 QTime=1
2022-12-17 13:48:44.330 INFO  (qtp1622458036-19) [ x:final_authors] o.a.s.c.S.Request webapp=/solr path=/select params={q=994685a4-7567-4955-871e-5631768066af&indent=true&fl=author,title,booktitle,journal&q.op=OR&rows=10&useParams=$wh%3Djson} hits=1 status=0 QTime=1
2022-12-17 13:48:48.634 INFO  (qtp1622458036-45) [ x:final_authors] o.a.s.c.S.Request webapp=/solr path=/select params={q=994685a4-7567-4955-871e-5631768066af&indent=true&fl=author,title,booktitle,journal&q.op=OR&rows=10&useParams=$wh%3Djson} hits=1 status=0 QTime=1
2022-12-17 13:48:48.650 INFO  (qtp1622458036-41) [ x:final_authors] o.a.s.c.S.Request webapp=/solr path=/select params={q=33b54280-223d-4905-8812-9c98b373a8de&indent=true&fl=author,title,booktitle,journal&q.op=OR&rows=10&useParams=$wh%3Djson} hits=1 status=0 QTime=0
2022-12-17 13:48:53.469 INFO  (qtp1622458036-22) [ x:final_authors] o.a.s.c.S.Request webapp=/solr path=/select params={q=994685a4-7567-4955-871e-5631768066af&indent=true&fl=author,title,booktitle,journal&q.op=OR&rows=10&useParams=$wh%3Djson} hits=1 status=0 QTime=0
2022-12-17 13:48:53.486 INFO  (qtp1622458036-25) [ x:final_authors] o.a.s.c.S.Request webapp=/solr path=/select params={q=e0bac476-52b4-4ec3-b94e-29038b91c311&indent=true&fl=author,title,booktitle,journal&q.op=OR&rows=10&useParams=$wh%3Djson} hits=1 status=0 QTime=1
2022-12-17 13:48:56.187 INFO  (qtp1622458036-46) [ x:final_authors] o.a.s.c.S.Request webapp=/solr path=/select params={q=994685a4-7567-4955-871e-5631768066af&indent=true&fl=author,title,booktitle,journal&q.op=OR&rows=10&useParams=$wh%3Djson} hits=1 status=0 QTime=1
2022-12-17 13:48:56.202 INFO  (qtp1622458036-49) [ x:final_authors] o.a.s.c.S.Request webapp=/solr path=/select params={q=33b54280-223d-4905-8812-9c98b373a8de&indent=true&fl=author,title,booktitle,journal&q.op=OR&rows=10&useParams=$wh%3Djson} hits=1 status=0 QTime=1
2022-12-17 13:48:58.413 INFO  (qtp1622458036-19) [ x:final_authors] o.a.s.c.S.Request webapp=/solr path=/select params={q=994685a4-7567-4955-871e-5631768066af&indent=true&fl=author,title,booktitle,journal&q.op=OR&rows=10&useParams=$wh%3Djson} hits=1 status=0 QTime=0
2022-12-17 13:48:58.430 INFO  (qtp1622458036-45) [ x:final_authors] o.a.s.c.S.Request webapp=/solr path=/select params={q=e817de79-15c4-4acf-9c19-f4d45bd963f4&indent=true&fl=author,title,booktitle,journal&q.op=OR&rows=10&useParams=$wh%3Djson} hits=1 status=0 QTime=2
2022-12-17 13:49:00.543 INFO  (qtp1622458036-41) [ x:final_authors] o.a.s.c.S.Request webapp=/solr path=/select params={q=994685a4-7567-4955-871e-5631768066af&indent=true&fl=author,title,booktitle,journal&q.op=OR&rows=10&useParams=$wh%3Djson} hits=1 status=0 QTime=1
2022-12-17 13:49:00.560 INFO  (qtp1622458036-22) [ x:final_authors] o.a.s.c.S.Request webapp=/solr path=/select params={q=964ecb2b-c471-437c-a8e8-d84d4549a5ff&indent=true&fl=author,title,booktitle,journal&q.op=OR&rows=10&useParams=$wh%3Djson} hits=1 status=0 QTime=2
2022-12-17 13:49:05.776 INFO  (qtp1622458036-25) [ x:final_authors] o.a.s.c.S.Request webapp=/solr path=/select params={q=964ecb2b-c471-437c-a8e8-d84d4549a5ff&indent=true&fl=author,title,booktitle,journal&q.op=OR&rows=10&useParams=$wh%3Djson} hits=1 status=0 QTime=1
2022-12-17 13:49:12.302 INFO  (qtp1622458036-46) [ x:final_authors] o.a.s.c.S.Request webapp=/solr path=/select params={q=964ecb2b-c471-437c-a8e8-d84d4549a5ff&indent=true&fl=author,title,booktitle,journal&q.op=OR&rows=10&useParams=$wh%3Djson} hits=1 status=0 QTime=1
2022-12-17 13:49:12.320 INFO  (qtp1622458036-49) [ x:final_authors] o.a.s.c.S.Request webapp=/solr path=/select params={q=28d20963-5c44-493d-be2c-85471202c7ab&indent=true&fl=author,title,booktitle,journal&q.op=OR&rows=10&useParams=$wh%3Djson} hits=1 status=0 QTime=2
2022-12-17 13:49:22.366 INFO  (qtp1622458036-19) [ x:final_authors] o.a.s.c.S.Request webapp=/solr path=/select params={q=964ecb2b-c471-437c-a8e8-d84d4549a5ff&indent=true&fl=author,title,booktitle,journal&q.op=OR&rows=10&useParams=$wh%3Djson} hits=1 status=0 QTime=1
2022-12-17 13:49:22.383 INFO  (qtp1622458036-45) [ x:final_authors] o.a.s.c.S.Request webapp=/solr path=/select params={q=921af2f4-7ca6-4cd5-94cc-5613b5411abd&indent=true&fl=author,title,booktitle,journal&q.op=OR&rows=10&useParams=$wh%3Djson} hits=1 status=0 QTime=2
2022-12-17 13:49:32.867 INFO  (qtp1622458036-22) [ x:final_authors] o.a.s.c.S.Request webapp=/solr path=/select params={q=964ecb2b-c471-437c-a8e8-d84d4549a5ff&indent=true&fl=author,title,booktitle,journal&q.op=OR&rows=10&useParams=$wh%3Djson} hits=1 status=0 QTime=0
2022-12-17 13:49:32.884 INFO  (qtp1622458036-41) [ x:final_authors] o.a.s.c.S.Request webapp=/solr path=/select params={q=cf86a4cf-ff00-4d42-8b36-896757764701&indent=true&fl=author,title,booktitle,journal&q.op=OR&rows=10&useParams=$wh%3Djson} hits=1 status=0 QTime=2
2022-12-17 13:49:43.296 INFO  (qtp1622458036-46) [ x:final_authors] o.a.s.c.S.Request webapp=/solr path=/select params={q=964ecb2b-c471-437c-a8e8-d84d4549a5ff&indent=true&fl=author,title,booktitle,journal&q.op=OR&rows=10&useParams=$wh%3Djson} hits=1 status=0 QTime=1
2022-12-17 13:49:43.313 INFO  (qtp1622458036-25) [ x:final_authors] o.a.s.c.S.Request webapp=/solr path=/select params={q=610db3da-a1d8-4db6-936e-c5adc326f29f&indent=true&fl=author,title,booktitle,journal&q.op=OR&rows=10&useParams=$wh%3Djson} hits=1 status=0 QTime=2
2022-12-17 13:49:47.137 INFO  (qtp1622458036-49) [ x:final_authors] o.a.s.c.S.Request webapp=/solr path=/select params={q=964ecb2b-c471-437c-a8e8-d84d4549a5ff&indent=true&fl=author,title,booktitle,journal&q.op=OR&rows=10&useParams=$wh%3Djson} hits=1 status=0 QTime=0
2022-12-17 13:49:47.154 INFO  (qtp1622458036-19) [ x:final_authors] o.a.s.c.S.Request webapp=/solr path=/select params={q=d045f654-26b8-4bd5-b7f3-60e6bf7eabfb&indent=true&fl=author,title,booktitle,journal&q.op=OR&rows=10&useParams=$wh%3Djson} hits=1 status=0 QTime=2
2022-12-17 13:49:52.059 INFO  (qtp1622458036-45) [ x:final_authors] o.a.s.c.S.Request webapp=/solr path=/select params={q=964ecb2b-c471-437c-a8e8-d84d4549a5ff&indent=true&fl=author,title,booktitle,journal&q.op=OR&rows=10&useParams=$wh%3Djson} hits=1 status=0 QTime=1
2022-12-17 13:49:52.078 INFO  (qtp1622458036-41) [ x:final_authors] o.a.s.c.S.Request webapp=/solr path=/select params={q=a0d842c4-ed4d-4de1-ba32-cc17cb1ad9e4&indent=true&fl=author,title,booktitle,journal&q.op=OR&rows=10&useParams=$wh%3Djson} hits=1 status=0 QTime=2
2022-12-17 13:49:59.803 INFO  (qtp1622458036-22) [ x:final_authors] o.a.s.c.S.Request webapp=/solr path=/select params={q=964ecb2b-c471-437c-a8e8-d84d4549a5ff&indent=true&fl=author,title,booktitle,journal&q.op=OR&rows=10&useParams=$wh%3Djson} hits=1 status=0 QTime=0
2022-12-17 13:49:59.821 INFO  (qtp1622458036-25) [ x:final_authors] o.a.s.c.S.Request webapp=/solr path=/select params={q=c9de340b-1dfb-474c-b8fc-171e810ebb8e&indent=true&fl=author,title,booktitle,journal&q.op=OR&rows=10&useParams=$wh%3Djson} hits=1 status=0 QTime=2
2022-12-17 13:50:06.938 INFO  (qtp1622458036-46) [ x:final_authors] o.a.s.c.S.Request webapp=/solr path=/select params={q=964ecb2b-c471-437c-a8e8-d84d4549a5ff&indent=true&fl=author,title,booktitle,journal&q.op=OR&rows=10&useParams=$wh%3Djson} hits=1 status=0 QTime=0
2022-12-17 13:50:06.955 INFO  (qtp1622458036-49) [ x:final_authors] o.a.s.c.S.Request webapp=/solr path=/select params={q=d045f654-26b8-4bd5-b7f3-60e6bf7eabfb&indent=true&fl=author,title,booktitle,journal&q.op=OR&rows=10&useParams=$wh%3Djson} hits=1 status=0 QTime=1
2022-12-17 13:50:22.709 INFO  (qtp1622458036-19) [ x:final_authors] o.a.s.c.S.Request webapp=/solr path=/select params={q=author:+marvin+minsky&indent=true&fl=id&q.op=AND&rows=10&useParams=$wh%3Djson} hits=0 status=0 QTime=1
2022-12-17 13:50:24.717 INFO  (qtp1622458036-45) [ x:final_authors] o.a.s.c.S.Request webapp=/solr path=/select params={q=author:+Marvin+Minsky&indent=true&fl=id&q.op=AND&rows=10&useParams=$wh%3Djson} hits=0 status=0 QTime=1
2022-12-17 13:50:27.123 INFO  (searcherExecutor-12-thread-1-processing-final_authors) [ x:final_authors] o.a.s.c.QuerySenderListener QuerySenderListener done.
2022-12-17 13:50:27.143 INFO  (searcherExecutor-12-thread-1-processing-final_authors) [ x:final_authors] o.a.s.c.SolrCore Registered new searcher autowarm time: 9 ms
2022-12-17 13:50:27.159 INFO  (qtp1622458036-41) [ x:final_authors] o.a.s.u.p.LogUpdateProcessorFactory webapp=/solr path=/update/json/docs params={commit=true}{add=[190cbc37-b36f-485e-8ca5-d6278ef23427 (1752469368451629056)], commit=} 0 194
2022-12-17 13:50:29.615 INFO  (qtp1622458036-22) [ x:final_authors] o.a.s.c.S.Request webapp=/solr path=/select params={q=*:*&indent=true&fl=author,id&q.op=OR&sort=field(author)+asc&rows=1000&useParams=} hits=22 status=0 QTime=5
2022-12-17 13:50:37.195 INFO  (qtp1622458036-25) [ x:final_authors] o.a.s.c.S.Request webapp=/solr path=/select params={q=190cbc37-b36f-485e-8ca5-d6278ef23427&indent=true&fl=author,title,booktitle,journal&q.op=OR&rows=10&useParams=$wh%3Djson} hits=1 status=0 QTime=2
2022-12-17 13:50:37.212 INFO  (qtp1622458036-46) [ x:final_authors] o.a.s.c.S.Request webapp=/solr path=/select params={q=994685a4-7567-4955-871e-5631768066af&indent=true&fl=author,title,booktitle,journal&q.op=OR&rows=10&useParams=$wh%3Djson} hits=1 status=0 QTime=2
2022-12-17 13:50:39.797 INFO  (qtp1622458036-19) [ x:final_authors] o.a.s.c.S.Request webapp=/solr path=/select params={q=190cbc37-b36f-485e-8ca5-d6278ef23427&indent=true&fl=author,title,booktitle,journal&q.op=OR&rows=10&useParams=$wh%3Djson} hits=1 status=0 QTime=1
2022-12-17 13:50:39.814 INFO  (qtp1622458036-45) [ x:final_authors] o.a.s.c.S.Request webapp=/solr path=/select params={q=964ecb2b-c471-437c-a8e8-d84d4549a5ff&indent=true&fl=author,title,booktitle,journal&q.op=OR&rows=10&useParams=$wh%3Djson} hits=1 status=0 QTime=2
2022-12-17 13:50:42.625 INFO  (qtp1622458036-41) [ x:final_authors] o.a.s.c.S.Request webapp=/solr path=/select params={q=190cbc37-b36f-485e-8ca5-d6278ef23427&indent=true&fl=author,title,booktitle,journal&q.op=OR&rows=10&useParams=$wh%3Djson} hits=1 status=0 QTime=0
2022-12-17 13:50:42.641 INFO  (qtp1622458036-49) [ x:final_authors] o.a.s.c.S.Request webapp=/solr path=/select params={q=28d20963-5c44-493d-be2c-85471202c7ab&indent=true&fl=author,title,booktitle,journal&q.op=OR&rows=10&useParams=$wh%3Djson} hits=1 status=0 QTime=1
2022-12-17 13:50:45.861 INFO  (qtp1622458036-25) [ x:final_authors] o.a.s.c.S.Request webapp=/solr path=/select params={q=190cbc37-b36f-485e-8ca5-d6278ef23427&indent=true&fl=author,title,booktitle,journal&q.op=OR&rows=10&useParams=$wh%3Djson} hits=1 status=0 QTime=1
2022-12-17 13:50:45.879 INFO  (qtp1622458036-22) [ x:final_authors] o.a.s.c.S.Request webapp=/solr path=/select params={q=610db3da-a1d8-4db6-936e-c5adc326f29f&indent=true&fl=author,title,booktitle,journal&q.op=OR&rows=10&useParams=$wh%3Djson} hits=1 status=0 QTime=1
2022-12-17 13:50:51.236 INFO  (qtp1622458036-46) [ x:final_authors] o.a.s.c.S.Request webapp=/solr path=/select params={q=190cbc37-b36f-485e-8ca5-d6278ef23427&indent=true&fl=author,title,booktitle,journal&q.op=OR&rows=10&useParams=$wh%3Djson} hits=1 status=0 QTime=0
2022-12-17 13:50:51.253 INFO  (qtp1622458036-19) [ x:final_authors] o.a.s.c.S.Request webapp=/solr path=/select params={q=ca354bc4-76c8-4350-b353-0c118fda5b42&indent=true&fl=author,title,booktitle,journal&q.op=OR&rows=10&useParams=$wh%3Djson} hits=1 status=0 QTime=2
2022-12-17 13:50:54.630 INFO  (qtp1622458036-45) [ x:final_authors] o.a.s.c.S.Request webapp=/solr path=/select params={q=190cbc37-b36f-485e-8ca5-d6278ef23427&indent=true&fl=author,title,booktitle,journal&q.op=OR&rows=10&useParams=$wh%3Djson} hits=1 status=0 QTime=1
2022-12-17 13:50:54.646 INFO  (qtp1622458036-41) [ x:final_authors] o.a.s.c.S.Request webapp=/solr path=/select params={q=d045f654-26b8-4bd5-b7f3-60e6bf7eabfb&indent=true&fl=author,title,booktitle,journal&q.op=OR&rows=10&useParams=$wh%3Djson} hits=1 status=0 QTime=1
2022-12-17 13:50:57.489 INFO  (qtp1622458036-49) [ x:final_authors] o.a.s.c.S.Request webapp=/solr path=/select params={q=190cbc37-b36f-485e-8ca5-d6278ef23427&indent=true&fl=author,title,booktitle,journal&q.op=OR&rows=10&useParams=$wh%3Djson} hits=1 status=0 QTime=0
2022-12-17 13:50:57.506 INFO  (qtp1622458036-22) [ x:final_authors] o.a.s.c.S.Request webapp=/solr path=/select params={q=c9de340b-1dfb-474c-b8fc-171e810ebb8e&indent=true&fl=author,title,booktitle,journal&q.op=OR&rows=10&useParams=$wh%3Djson} hits=1 status=0 QTime=1
2022-12-17 13:51:00.203 INFO  (qtp1622458036-46) [ x:final_authors] o.a.s.c.S.Request webapp=/solr path=/select params={q=190cbc37-b36f-485e-8ca5-d6278ef23427&indent=true&fl=author,title,booktitle,journal&q.op=OR&rows=10&useParams=$wh%3Djson} hits=1 status=0 QTime=1
2022-12-17 13:51:00.220 INFO  (qtp1622458036-25) [ x:final_authors] o.a.s.c.S.Request webapp=/solr path=/select params={q=cf86a4cf-ff00-4d42-8b36-896757764701&indent=true&fl=author,title,booktitle,journal&q.op=OR&rows=10&useParams=$wh%3Djson} hits=1 status=0 QTime=1
2022-12-17 13:51:10.723 INFO  (qtp1622458036-19) [ x:final_authors] o.a.s.c.S.Request webapp=/solr path=/select params={q=921af2f4-7ca6-4cd5-94cc-5613b5411abd&indent=true&fl=author,title,booktitle,journal&q.op=OR&rows=10&useParams=$wh%3Djson} hits=1 status=0 QTime=3
2022-12-17 13:51:10.742 INFO  (qtp1622458036-45) [ x:final_authors] o.a.s.c.S.Request webapp=/solr path=/select params={q=cf86a4cf-ff00-4d42-8b36-896757764701&indent=true&fl=author,title,booktitle,journal&q.op=OR&rows=10&useParams=$wh%3Djson} hits=1 status=0 QTime=1
2022-12-17 13:51:15.003 INFO  (qtp1622458036-41) [ x:final_authors] o.a.s.c.S.Request webapp=/solr path=/select params={q=921af2f4-7ca6-4cd5-94cc-5613b5411abd&indent=true&fl=author,title,booktitle,journal&q.op=OR&rows=10&useParams=$wh%3Djson} hits=1 status=0 QTime=0
2022-12-17 13:51:15.018 INFO  (qtp1622458036-49) [ x:final_authors] o.a.s.c.S.Request webapp=/solr path=/select params={q=190cbc37-b36f-485e-8ca5-d6278ef23427&indent=true&fl=author,title,booktitle,journal&q.op=OR&rows=10&useParams=$wh%3Djson} hits=1 status=0 QTime=0
2022-12-17 13:55:47.692 INFO  (qtp1622458036-49) [ x:final_authors] o.a.s.c.S.Request webapp=/solr path=/select params={q=author:+kimon+deligiannis&indent=true&fl=id&q.op=AND&rows=10&useParams=$wh%3Djson} hits=0 status=0 QTime=1
2022-12-17 13:55:49.595 INFO  (qtp1622458036-46) [ x:final_authors] o.a.s.c.S.Request webapp=/solr path=/select params={q=author:+Kimon+Deligiannis&indent=true&fl=id&q.op=AND&rows=10&useParams=$wh%3Djson} hits=0 status=0 QTime=0
2022-12-17 13:55:49.997 INFO  (searcherExecutor-12-thread-1-processing-final_authors) [ x:final_authors] o.a.s.c.QuerySenderListener QuerySenderListener done.
2022-12-17 13:55:50.010 INFO  (searcherExecutor-12-thread-1-processing-final_authors) [ x:final_authors] o.a.s.c.SolrCore Registered new searcher autowarm time: 0 ms
2022-12-17 13:55:50.013 INFO  (qtp1622458036-25) [ x:final_authors] o.a.s.u.p.LogUpdateProcessorFactory webapp=/solr path=/update/json/docs params={commit=true}{add=[9ada56a3-a8fe-4418-ab2f-5b4109225d62 (1752469707104976896)], commit=} 0 68
2022-12-17 13:57:52.528 INFO  (qtp1622458036-26) [] o.a.s.s.HttpSolrCall [admin] webapp=null path=/admin/cores params={indexInfo=false&wt=json&_=1671212379519} status=0 QTime=0
2022-12-17 13:57:52.532 INFO  (qtp1622458036-41) [ x:final_authors] o.a.s.c.S.Request webapp=/solr path=/config/params params={wt=json&_=1671212379568} status=0 QTime=0
2022-12-17 13:57:52.557 INFO  (qtp1622458036-45) [] o.a.s.s.HttpSolrCall [admin] webapp=null path=/admin/info/system params={wt=json&_=1671212379519} status=0 QTime=27
2022-12-17 13:57:54.641 INFO  (qtp1622458036-49) [] o.a.s.s.HttpSolrCall [admin] webapp=null path=/admin/cores params={indexInfo=false&wt=json&_=1671212379519} status=0 QTime=0
2022-12-17 13:57:54.642 INFO  (qtp1622458036-19) [ x:final_authors] o.a.s.c.S.Request webapp=/solr path=/config/params params={wt=json&_=1671212379568} status=0 QTime=0
2022-12-17 13:57:54.654 INFO  (qtp1622458036-18) [] o.a.s.s.HttpSolrCall [admin] webapp=null path=/admin/info/system params={wt=json&_=1671212379519} status=0 QTime=13
2022-12-17 13:57:54.655 INFO  (qtp1622458036-22) [ x:final_authors] o.a.s.c.S.Request webapp=/solr path=/select params={q=*:*&indent=true&fl=author,title,booktitle,journal&q.op=AND&rows=21&debugQuery=false&useParams=&_=1671212379568} hits=23 status=0 QTime=9
2022-12-17 13:58:00.018 INFO  (qtp1622458036-19) [] o.a.s.s.HttpSolrCall [admin] webapp=null path=/admin/cores params={indexInfo=false&wt=json&_=1671212379519} status=0 QTime=0
2022-12-17 13:58:00.019 INFO  (qtp1622458036-26) [ x:final_authors] o.a.s.c.S.Request webapp=/solr path=/config/params params={wt=json&_=1671212379568} status=0 QTime=0
2022-12-17 13:58:00.023 INFO  (qtp1622458036-45) [ x:final_authors] o.a.s.c.S.Request webapp=/solr path=/select params={q=kimon&indent=true&fl=author,title,booktitle,journal&q.op=AND&rows=21&debugQuery=false&useParams=&_=1671212379568} hits=1 status=0 QTime=1
2022-12-17 13:58:00.031 INFO  (qtp1622458036-41) [] o.a.s.s.HttpSolrCall [admin] webapp=null path=/admin/info/system params={wt=json&_=1671212379519} status=0 QTime=12
2022-12-17 13:58:14.186 INFO  (qtp1622458036-46) [ x:final_authors] o.a.s.c.S.Request webapp=/solr path=/select params={q=author:+manolis+wallace&indent=true&fl=id&q.op=AND&rows=10&useParams=$wh%3Djson} hits=1 status=0 QTime=2
2022-12-17 13:58:16.627 INFO  (qtp1622458036-25) [ x:final_authors] o.a.s.c.S.Request webapp=/solr path=/select params={q=author:+Manolis+Wallace&indent=true&fl=id&q.op=AND&rows=10&useParams=$wh%3Djson} hits=1 status=0 QTime=0
2022-12-17 13:58:16.702 INFO  (searcherExecutor-12-thread-1-processing-final_authors) [ x:final_authors] o.a.s.c.QuerySenderListener QuerySenderListener done.
2022-12-17 13:58:16.707 INFO  (searcherExecutor-12-thread-1-processing-final_authors) [ x:final_authors] o.a.s.c.SolrCore Registered new searcher autowarm time: 0 ms
2022-12-17 13:58:16.710 INFO  (qtp1622458036-49) [ x:final_authors] o.a.s.u.p.LogUpdateProcessorFactory webapp=/solr path=/update params={commit=true}{deleteByQuery=c9de340b-1dfb-474c-b8fc-171e810ebb8e (-1752469860948901888), commit=} 0 67
2022-12-17 13:58:26.435 INFO  (qtp1622458036-26) [ x:final_authors] o.a.s.u.p.LogUpdateProcessorFactory webapp=/solr path=/update params={commit=true}{deleteByQuery=c9de340b-1dfb-474c-b8fc-171e810ebb8e (-1752469871187197952), commit=} 0 9
2022-12-17 13:58:26.576 INFO  (searcherExecutor-12-thread-1-processing-final_authors) [ x:final_authors] o.a.s.c.QuerySenderListener QuerySenderListener done.
2022-12-17 13:58:26.586 INFO  (searcherExecutor-12-thread-1-processing-final_authors) [ x:final_authors] o.a.s.c.SolrCore Registered new searcher autowarm time: 0 ms
2022-12-17 13:58:26.588 INFO  (qtp1622458036-18) [ x:final_authors] o.a.s.u.p.LogUpdateProcessorFactory webapp=/solr path=/update/json/docs params={commit=true}{add=[49294768-b02b-4038-8f45-32735f1d01ef (1752469871212363776)], commit=} 0 139
2022-12-17 14:00:22.739 INFO  (qtp1622458036-46) [ x:final_authors] o.a.s.c.S.Request webapp=/solr path=/select params={q=author:+marvin+minsky&indent=true&fl=id&q.op=AND&rows=10&useParams=$wh%3Djson} hits=1 status=0 QTime=3
2022-12-17 14:00:24.999 INFO  (qtp1622458036-41) [ x:final_authors] o.a.s.c.S.Request webapp=/solr path=/select params={q=author:+Marvin+Minsky&indent=true&fl=id&q.op=AND&rows=10&useParams=$wh%3Djson} hits=1 status=0 QTime=1
2022-12-17 14:00:25.039 INFO  (searcherExecutor-12-thread-1-processing-final_authors) [ x:final_authors] o.a.s.c.QuerySenderListener QuerySenderListener done.
2022-12-17 14:00:25.045 INFO  (searcherExecutor-12-thread-1-processing-final_authors) [ x:final_authors] o.a.s.c.SolrCore Registered new searcher autowarm time: 0 ms
2022-12-17 14:00:25.049 INFO  (qtp1622458036-25) [ x:final_authors] o.a.s.u.p.LogUpdateProcessorFactory webapp=/solr path=/update params={commit=true}{deleteByQuery=190cbc37-b36f-485e-8ca5-d6278ef23427 (-1752469995535728640), commit=} 0 34
2022-12-17 14:00:27.348 INFO  (qtp1622458036-53) [ x:final_authors] o.a.s.u.p.LogUpdateProcessorFactory webapp=/solr path=/update params={commit=true}{deleteByQuery=190cbc37-b36f-485e-8ca5-d6278ef23427 (-1752469997973667840), commit=} 0 8
2022-12-17 14:00:27.415 INFO  (searcherExecutor-12-thread-1-processing-final_authors) [ x:final_authors] o.a.s.c.QuerySenderListener QuerySenderListener done.
2022-12-17 14:00:27.419 INFO  (searcherExecutor-12-thread-1-processing-final_authors) [ x:final_authors] o.a.s.c.SolrCore Registered new searcher autowarm time: 0 ms
2022-12-17 14:00:27.421 INFO  (qtp1622458036-26) [ x:final_authors] o.a.s.u.p.LogUpdateProcessorFactory webapp=/solr path=/update/json/docs params={commit=true}{add=[caf2f0af-9a54-4d24-8749-e0bc04c57cff (1752469997998833664)], commit=} 0 56
2022-12-17 14:01:11.720 INFO  (qtp1622458036-18) [ x:final_authors] o.a.s.c.S.Request webapp=/solr path=/select params={q=author:+christos+tryfonopoulos&indent=true&fl=id&q.op=AND&rows=10&useParams=$wh%3Djson} hits=1 status=0 QTime=3
2022-12-17 14:01:14.601 INFO  (qtp1622458036-46) [ x:final_authors] o.a.s.c.S.Request webapp=/solr path=/select params={q=author:+Christos+Tryfonopoulos&indent=true&fl=id&q.op=AND&rows=10&useParams=$wh%3Djson} hits=1 status=0 QTime=1
2022-12-17 14:01:14.646 INFO  (searcherExecutor-12-thread-1-processing-final_authors) [ x:final_authors] o.a.s.c.QuerySenderListener QuerySenderListener done.
2022-12-17 14:01:14.651 INFO  (searcherExecutor-12-thread-1-processing-final_authors) [ x:final_authors] o.a.s.c.SolrCore Registered new searcher autowarm time: 0 ms
2022-12-17 14:01:14.653 INFO  (qtp1622458036-49) [ x:final_authors] o.a.s.u.p.LogUpdateProcessorFactory webapp=/solr path=/update params={commit=true}{deleteByQuery=964ecb2b-c471-437c-a8e8-d84d4549a5ff (-1752470047547195392), commit=} 0 36
2022-12-17 14:01:21.023 INFO  (qtp1622458036-25) [ x:final_authors] o.a.s.u.p.LogUpdateProcessorFactory webapp=/solr path=/update params={commit=true}{deleteByQuery=964ecb2b-c471-437c-a8e8-d84d4549a5ff (-1752470054255984640), commit=} 0 8
2022-12-17 14:01:21.119 INFO  (searcherExecutor-12-thread-1-processing-final_authors) [ x:final_authors] o.a.s.c.QuerySenderListener QuerySenderListener done.
2022-12-17 14:01:21.123 INFO  (searcherExecutor-12-thread-1-processing-final_authors) [ x:final_authors] o.a.s.c.SolrCore Registered new searcher autowarm time: 0 ms
2022-12-17 14:01:21.124 INFO  (qtp1622458036-41) [ x:final_authors] o.a.s.u.p.LogUpdateProcessorFactory webapp=/solr path=/update/json/docs params={commit=true}{add=[114ceab1-8ff5-43ac-90ff-2a653c335e2d (1752470054279053312)], commit=} 0 88
2022-12-17 14:01:40.964 INFO  (qtp1622458036-53) [ x:final_authors] o.a.s.c.S.Request webapp=/solr path=/select params={q=author:+christos+tryfonopoulos&indent=true&fl=id&q.op=AND&rows=10&useParams=$wh%3Djson} hits=1 status=0 QTime=3
2022-12-17 14:01:42.890 INFO  (qtp1622458036-18) [ x:final_authors] o.a.s.c.S.Request webapp=/solr path=/select params={q=author:+Christos+Tryfonopoulos&indent=true&fl=id&q.op=AND&rows=10&useParams=$wh%3Djson} hits=1 status=0 QTime=1
2022-12-17 14:01:42.932 INFO  (searcherExecutor-12-thread-1-processing-final_authors) [ x:final_authors] o.a.s.c.QuerySenderListener QuerySenderListener done.
2022-12-17 14:01:42.936 INFO  (searcherExecutor-12-thread-1-processing-final_authors) [ x:final_authors] o.a.s.c.SolrCore Registered new searcher autowarm time: 0 ms
2022-12-17 14:01:42.939 INFO  (qtp1622458036-26) [ x:final_authors] o.a.s.u.p.LogUpdateProcessorFactory webapp=/solr path=/update params={commit=true}{deleteByQuery=114ceab1-8ff5-43ac-90ff-2a653c335e2d (-1752470077211410432), commit=} 0 32
2022-12-17 14:01:49.305 INFO  (qtp1622458036-46) [ x:final_authors] o.a.s.u.p.LogUpdateProcessorFactory webapp=/solr path=/update params={commit=true}{deleteByQuery=114ceab1-8ff5-43ac-90ff-2a653c335e2d (-1752470083910762496), commit=} 0 10
2022-12-17 14:01:49.404 INFO  (searcherExecutor-12-thread-1-processing-final_authors) [ x:final_authors] o.a.s.c.QuerySenderListener QuerySenderListener done.
2022-12-17 14:01:49.411 INFO  (searcherExecutor-12-thread-1-processing-final_authors) [ x:final_authors] o.a.s.c.SolrCore Registered new searcher autowarm time: 0 ms
2022-12-17 14:01:49.414 INFO  (qtp1622458036-25) [ x:final_authors] o.a.s.u.p.LogUpdateProcessorFactory webapp=/solr path=/update/json/docs params={commit=true}{add=[d89f744d-22b8-46bc-afbd-3b6203c2b254 (1752470083939074048)], commit=} 0 91
2022-12-17 14:21:03.878 INFO  (qtp1622458036-45) [ x:final_authors] o.a.s.c.S.Request webapp=/solr path=/select params={q=*:*&indent=true&fl=author,id&q.op=OR&sort=field(author)+asc&rows=1000&useParams=} hits=23 status=0 QTime=4
2022-12-17 14:21:11.572 INFO  (qtp1622458036-53) [ x:final_authors] o.a.s.c.S.Request webapp=/solr path=/select params={q=caf2f0af-9a54-4d24-8749-e0bc04c57cff&indent=true&fl=author,title,booktitle,journal&q.op=OR&rows=10&useParams=$wh%3Djson} hits=1 status=0 QTime=2
2022-12-17 14:21:11.589 INFO  (qtp1622458036-49) [ x:final_authors] o.a.s.c.S.Request webapp=/solr path=/select params={q=9ada56a3-a8fe-4418-ab2f-5b4109225d62&indent=true&fl=author,title,booktitle,journal&q.op=OR&rows=10&useParams=$wh%3Djson} hits=1 status=0 QTime=2
2022-12-17 14:21:21.628 INFO  (qtp1622458036-18) [ x:final_authors] o.a.s.c.S.Request webapp=/solr path=/select params={q=caf2f0af-9a54-4d24-8749-e0bc04c57cff&indent=true&fl=author,title,booktitle,journal&q.op=OR&rows=10&useParams=$wh%3Djson} hits=1 status=0 QTime=0
2022-12-17 14:21:21.645 INFO  (qtp1622458036-46) [ x:final_authors] o.a.s.c.S.Request webapp=/solr path=/select params={q=d89f744d-22b8-46bc-afbd-3b6203c2b254&indent=true&fl=author,title,booktitle,journal&q.op=OR&rows=10&useParams=$wh%3Djson} hits=1 status=0 QTime=1
2022-12-17 14:21:28.183 INFO  (qtp1622458036-25) [ x:final_authors] o.a.s.c.S.Request webapp=/solr path=/select params={q=caf2f0af-9a54-4d24-8749-e0bc04c57cff&indent=true&fl=author,title,booktitle,journal&q.op=OR&rows=10&useParams=$wh%3Djson} hits=1 status=0 QTime=0
2022-12-17 14:21:28.198 INFO  (qtp1622458036-41) [ x:final_authors] o.a.s.c.S.Request webapp=/solr path=/select params={q=d045f654-26b8-4bd5-b7f3-60e6bf7eabfb&indent=true&fl=author,title,booktitle,journal&q.op=OR&rows=10&useParams=$wh%3Djson} hits=1 status=0 QTime=1
2022-12-17 14:21:33.781 INFO  (qtp1622458036-26) [ x:final_authors] o.a.s.c.S.Request webapp=/solr path=/select params={q=caf2f0af-9a54-4d24-8749-e0bc04c57cff&indent=true&fl=author,title,booktitle,journal&q.op=OR&rows=10&useParams=$wh%3Djson} hits=1 status=0 QTime=0
2022-12-17 14:21:33.797 INFO  (qtp1622458036-49) [ x:final_authors] o.a.s.c.S.Request webapp=/solr path=/select params={q=cf86a4cf-ff00-4d42-8b36-896757764701&indent=true&fl=author,title,booktitle,journal&q.op=OR&rows=10&useParams=$wh%3Djson} hits=1 status=0 QTime=1
2022-12-17 14:21:36.866 INFO  (qtp1622458036-18) [ x:final_authors] o.a.s.c.S.Request webapp=/solr path=/select params={q=caf2f0af-9a54-4d24-8749-e0bc04c57cff&indent=true&fl=author,title,booktitle,journal&q.op=OR&rows=10&useParams=$wh%3Djson} hits=1 status=0 QTime=0
2022-12-17 14:21:36.883 INFO  (qtp1622458036-53) [ x:final_authors] o.a.s.c.S.Request webapp=/solr path=/select params={q=9a54ed06-0874-4762-a934-8d8ef078b360&indent=true&fl=author,title,booktitle,journal&q.op=OR&rows=10&useParams=$wh%3Djson} hits=1 status=0 QTime=1
2022-12-17 14:21:41.078 INFO  (qtp1622458036-25) [ x:final_authors] o.a.s.c.S.Request webapp=/solr path=/select params={q=caf2f0af-9a54-4d24-8749-e0bc04c57cff&indent=true&fl=author,title,booktitle,journal&q.op=OR&rows=10&useParams=$wh%3Djson} hits=1 status=0 QTime=0
2022-12-17 14:21:41.094 INFO  (qtp1622458036-41) [ x:final_authors] o.a.s.c.S.Request webapp=/solr path=/select params={q=166ab05c-d783-4645-b836-85e4405a9cfe&indent=true&fl=author,title,booktitle,journal&q.op=OR&rows=10&useParams=$wh%3Djson} hits=1 status=0 QTime=1
2022-12-17 14:21:46.197 INFO  (qtp1622458036-26) [ x:final_authors] o.a.s.c.S.Request webapp=/solr path=/select params={q=caf2f0af-9a54-4d24-8749-e0bc04c57cff&indent=true&fl=author,title,booktitle,journal&q.op=OR&rows=10&useParams=$wh%3Djson} hits=1 status=0 QTime=0
2022-12-17 14:21:46.214 INFO  (qtp1622458036-46) [ x:final_authors] o.a.s.c.S.Request webapp=/solr path=/select params={q=610db3da-a1d8-4db6-936e-c5adc326f29f&indent=true&fl=author,title,booktitle,journal&q.op=OR&rows=10&useParams=$wh%3Djson} hits=1 status=0 QTime=1
2022-12-17 14:21:50.726 INFO  (qtp1622458036-18) [ x:final_authors] o.a.s.c.S.Request webapp=/solr path=/select params={q=caf2f0af-9a54-4d24-8749-e0bc04c57cff&indent=true&fl=author,title,booktitle,journal&q.op=OR&rows=10&useParams=$wh%3Djson} hits=1 status=0 QTime=0
2022-12-17 14:21:50.742 INFO  (qtp1622458036-49) [ x:final_authors] o.a.s.c.S.Request webapp=/solr path=/select params={q=921af2f4-7ca6-4cd5-94cc-5613b5411abd&indent=true&fl=author,title,booktitle,journal&q.op=OR&rows=10&useParams=$wh%3Djson} hits=1 status=0 QTime=1
2022-12-17 14:21:55.904 INFO  (qtp1622458036-25) [ x:final_authors] o.a.s.c.S.Request webapp=/solr path=/select params={q=caf2f0af-9a54-4d24-8749-e0bc04c57cff&indent=true&fl=author,title,booktitle,journal&q.op=OR&rows=10&useParams=$wh%3Djson} hits=1 status=0 QTime=0
2022-12-17 14:21:55.921 INFO  (qtp1622458036-53) [ x:final_authors] o.a.s.c.S.Request webapp=/solr path=/select params={q=557a185a-0830-4e8c-ba78-1a47fd29b307&indent=true&fl=author,title,booktitle,journal&q.op=OR&rows=10&useParams=$wh%3Djson} hits=1 status=0 QTime=1
2022-12-17 14:21:59.627 INFO  (qtp1622458036-26) [ x:final_authors] o.a.s.c.S.Request webapp=/solr path=/select params={q=caf2f0af-9a54-4d24-8749-e0bc04c57cff&indent=true&fl=author,title,booktitle,journal&q.op=OR&rows=10&useParams=$wh%3Djson} hits=1 status=0 QTime=0
2022-12-17 14:21:59.643 INFO  (qtp1622458036-41) [ x:final_authors] o.a.s.c.S.Request webapp=/solr path=/select params={q=e0bac476-52b4-4ec3-b94e-29038b91c311&indent=true&fl=author,title,booktitle,journal&q.op=OR&rows=10&useParams=$wh%3Djson} hits=1 status=0 QTime=1
2022-12-17 14:22:02.682 INFO  (qtp1622458036-46) [ x:final_authors] o.a.s.c.S.Request webapp=/solr path=/select params={q=caf2f0af-9a54-4d24-8749-e0bc04c57cff&indent=true&fl=author,title,booktitle,journal&q.op=OR&rows=10&useParams=$wh%3Djson} hits=1 status=0 QTime=0
2022-12-17 14:22:02.698 INFO  (qtp1622458036-49) [ x:final_authors] o.a.s.c.S.Request webapp=/solr path=/select params={q=28d20963-5c44-493d-be2c-85471202c7ab&indent=true&fl=author,title,booktitle,journal&q.op=OR&rows=10&useParams=$wh%3Djson} hits=1 status=0 QTime=1
2022-12-17 14:22:08.391 INFO  (qtp1622458036-25) [ x:final_authors] o.a.s.c.S.Request webapp=/solr path=/select params={q=caf2f0af-9a54-4d24-8749-e0bc04c57cff&indent=true&fl=author,title,booktitle,journal&q.op=OR&rows=10&useParams=$wh%3Djson} hits=1 status=0 QTime=1
2022-12-17 14:22:08.407 INFO  (qtp1622458036-53) [ x:final_authors] o.a.s.c.S.Request webapp=/solr path=/select params={q=a0d842c4-ed4d-4de1-ba32-cc17cb1ad9e4&indent=true&fl=author,title,booktitle,journal&q.op=OR&rows=10&useParams=$wh%3Djson} hits=1 status=0 QTime=1
2022-12-17 14:22:11.196 INFO  (qtp1622458036-26) [ x:final_authors] o.a.s.c.S.Request webapp=/solr path=/select params={q=caf2f0af-9a54-4d24-8749-e0bc04c57cff&indent=true&fl=author,title,booktitle,journal&q.op=OR&rows=10&useParams=$wh%3Djson} hits=1 status=0 QTime=0
2022-12-17 14:22:11.212 INFO  (qtp1622458036-41) [ x:final_authors] o.a.s.c.S.Request webapp=/solr path=/select params={q=3d5258ab-1a4e-406d-89f4-67a048b17291&indent=true&fl=author,title,booktitle,journal&q.op=OR&rows=10&useParams=$wh%3Djson} hits=1 status=0 QTime=1
2022-12-17 14:22:15.688 INFO  (qtp1622458036-18) [ x:final_authors] o.a.s.c.S.Request webapp=/solr path=/select params={q=caf2f0af-9a54-4d24-8749-e0bc04c57cff&indent=true&fl=author,title,booktitle,journal&q.op=OR&rows=10&useParams=$wh%3Djson} hits=1 status=0 QTime=0
2022-12-17 14:22:15.704 INFO  (qtp1622458036-46) [ x:final_authors] o.a.s.c.S.Request webapp=/solr path=/select params={q=ed0af626-dec9-4da8-a1fd-10e5d8d8187d&indent=true&fl=author,title,booktitle,journal&q.op=OR&rows=10&useParams=$wh%3Djson} hits=1 status=0 QTime=1
2022-12-17 14:22:18.887 INFO  (qtp1622458036-25) [ x:final_authors] o.a.s.c.S.Request webapp=/solr path=/select params={q=e817de79-15c4-4acf-9c19-f4d45bd963f4&indent=true&fl=author,title,booktitle,journal&q.op=OR&rows=10&useParams=$wh%3Djson} hits=1 status=0 QTime=1
2022-12-17 14:22:18.902 INFO  (qtp1622458036-49) [ x:final_authors] o.a.s.c.S.Request webapp=/solr path=/select params={q=ed0af626-dec9-4da8-a1fd-10e5d8d8187d&indent=true&fl=author,title,booktitle,journal&q.op=OR&rows=10&useParams=$wh%3Djson} hits=1 status=0 QTime=0
2022-12-17 14:22:21.506 INFO  (qtp1622458036-26) [ x:final_authors] o.a.s.c.S.Request webapp=/solr path=/select params={q=e817de79-15c4-4acf-9c19-f4d45bd963f4&indent=true&fl=author,title,booktitle,journal&q.op=OR&rows=10&useParams=$wh%3Djson} hits=1 status=0 QTime=0
2022-12-17 14:22:21.524 INFO  (qtp1622458036-53) [ x:final_authors] o.a.s.c.S.Request webapp=/solr path=/select params={q=bde3e713-e680-4792-9d12-80986beed10e&indent=true&fl=author,title,booktitle,journal&q.op=OR&rows=10&useParams=$wh%3Djson} hits=1 status=0 QTime=1
2022-12-17 14:24:03.701 INFO  (qtp1622458036-41) [ x:final_authors] o.a.s.c.S.Request webapp=/solr path=/select params={q=994685a4-7567-4955-871e-5631768066af&indent=true&fl=author,title,booktitle,journal&q.op=OR&rows=10&useParams=$wh%3Djson} hits=1 status=0 QTime=1
2022-12-17 14:44:28.816 INFO  (qtp1622458036-56) [ x:final_authors] o.a.s.c.S.Request webapp=/solr path=/select params={q=*:*&indent=true&q.op=OR&rows=0&wt=json&useParams=} hits=23 status=0 QTime=1
2022-12-17 14:44:28.837 INFO  (qtp1622458036-25) [ x:final_authors] o.a.s.c.S.Request webapp=/solr path=/select params={q=*:*&indent=true&fl=author,id&q.op=OR&rows=1000&useParams=} hits=23 status=0 QTime=3
2022-12-17 14:44:29.949 INFO  (qtp1622458036-49) [ x:final_authors] o.a.s.c.S.Request webapp=/solr path=/select params={q=*:*&indent=true&fl=author,id&q.op=OR&sort=field(author)+asc&rows=1000&useParams=} hits=23 status=0 QTime=1
2022-12-17 14:44:33.711 INFO  (qtp1622458036-26) [ x:final_authors] o.a.s.c.S.Request webapp=/solr path=/select params={q=*:*&indent=true&q.op=OR&rows=0&wt=json&useParams=} hits=23 status=0 QTime=0
2022-12-17 14:44:33.723 INFO  (qtp1622458036-53) [ x:final_authors] o.a.s.c.S.Request webapp=/solr path=/select params={q=*:*&indent=true&fl=author,id&q.op=OR&rows=1000&useParams=} hits=23 status=0 QTime=0
2022-12-17 14:44:53.281 INFO  (qtp1622458036-18) [ x:final_authors] o.a.s.c.S.Request webapp=/solr path=/select params={q=*:*&indent=true&fl=author,id&q.op=OR&sort=field(author)+asc&rows=1000&useParams=} hits=23 status=0 QTime=1
2022-12-17 14:44:56.421 INFO  (qtp1622458036-46) [ x:final_authors] o.a.s.c.S.Request webapp=/solr path=/select params={q=*:*&indent=true&fl=author,id&q.op=OR&sort=field(author)+asc&rows=1000&useParams=} hits=23 status=0 QTime=1
2022-12-17 14:48:09.026 INFO  (qtp1622458036-46) [ x:final_authors] o.a.s.c.S.Request webapp=/solr path=/select params={q=*:*&indent=true&fl=author,id&q.op=OR&sort=field(author)+asc&rows=1000&useParams=} hits=23 status=0 QTime=0
2022-12-17 14:48:12.772 INFO  (qtp1622458036-49) [ x:final_authors] o.a.s.c.S.Request webapp=/solr path=/select params={q=994685a4-7567-4955-871e-5631768066af&indent=true&fl=author,title,booktitle,journal&q.op=OR&rows=10&useParams=$wh%3Djson} hits=1 status=0 QTime=0
2022-12-17 14:48:12.787 INFO  (qtp1622458036-26) [ x:final_authors] o.a.s.c.S.Request webapp=/solr path=/select params={q=610db3da-a1d8-4db6-936e-c5adc326f29f&indent=true&fl=author,title,booktitle,journal&q.op=OR&rows=10&useParams=$wh%3Djson} hits=1 status=0 QTime=0
2022-12-17 14:49:04.669 INFO  (qtp1622458036-53) [ x:final_authors] o.a.s.c.S.Request webapp=/solr path=/select params={q=3d5258ab-1a4e-406d-89f4-67a048b17291&indent=true&fl=author,title,booktitle,journal&q.op=OR&rows=10&useParams=$wh%3Djson} hits=1 status=0 QTime=0
2022-12-17 14:49:04.684 INFO  (qtp1622458036-41) [ x:final_authors] o.a.s.c.S.Request webapp=/solr path=/select params={q=610db3da-a1d8-4db6-936e-c5adc326f29f&indent=true&fl=author,title,booktitle,journal&q.op=OR&rows=10&useParams=$wh%3Djson} hits=1 status=0 QTime=0
2022-12-17 14:49:07.095 INFO  (qtp1622458036-18) [ x:final_authors] o.a.s.c.S.Request webapp=/solr path=/select params={q=3d5258ab-1a4e-406d-89f4-67a048b17291&indent=true&fl=author,title,booktitle,journal&q.op=OR&rows=10&useParams=$wh%3Djson} hits=1 status=0 QTime=0
2022-12-17 14:49:07.109 INFO  (qtp1622458036-56) [ x:final_authors] o.a.s.c.S.Request webapp=/solr path=/select params={q=ed0af626-dec9-4da8-a1fd-10e5d8d8187d&indent=true&fl=author,title,booktitle,journal&q.op=OR&rows=10&useParams=$wh%3Djson} hits=1 status=0 QTime=0
2022-12-17 14:49:51.107 INFO  (qtp1622458036-49) [ x:final_authors] o.a.s.c.S.Request webapp=/solr path=/select params={q=*:*&indent=true&q.op=OR&rows=0&wt=json&useParams=} hits=23 status=0 QTime=0
2022-12-17 14:49:51.124 INFO  (qtp1622458036-26) [ x:final_authors] o.a.s.c.S.Request webapp=/solr path=/select params={q=*:*&indent=true&fl=author,id&q.op=OR&rows=1000&useParams=} hits=23 status=0 QTime=0
2022-12-17 14:49:52.426 INFO  (qtp1622458036-53) [ x:final_authors] o.a.s.c.S.Request webapp=/solr path=/select params={q=*:*&indent=true&q.op=OR&rows=0&wt=json&useParams=} hits=23 status=0 QTime=0
2022-12-17 14:49:52.437 INFO  (qtp1622458036-41) [ x:final_authors] o.a.s.c.S.Request webapp=/solr path=/select params={q=*:*&indent=true&fl=author,id&q.op=OR&rows=1000&useParams=} hits=23 status=0 QTime=0
2022-12-17 14:50:01.124 INFO  (qtp1622458036-18) [ x:final_authors] o.a.s.c.S.Request webapp=/solr path=/select params={q=*:*&indent=true&fl=author,id&q.op=OR&sort=field(author)+asc&rows=1000&useParams=} hits=23 status=0 QTime=1
2022-12-17 14:51:49.473 INFO  (qtp1622458036-56) [ x:final_authors] o.a.s.c.S.Request webapp=/solr path=/select params={q=*:*&indent=true&fl=author,id&q.op=OR&sort=field(author)+asc&rows=1000&useParams=} hits=23 status=0 QTime=1
2022-12-17 15:20:08.219 INFO  (qtp1622458036-25) [] o.a.s.s.HttpSolrCall [admin] webapp=null path=/admin/cores params={indexInfo=false&wt=json&_=1671212379519} status=0 QTime=0
2022-12-17 15:20:08.227 INFO  (qtp1622458036-53) [ x:final_authors] o.a.s.c.S.Request webapp=/solr path=/admin/luke params={numTerms=0&show=index&wt=json&_=1671240878687} status=0 QTime=4
2022-12-17 15:20:08.228 INFO  (qtp1622458036-26) [] o.a.s.s.HttpSolrCall [admin] webapp=null path=/admin/info/system params={wt=json&_=1671212379519} status=0 QTime=8
2022-12-17 15:20:08.230 INFO  (qtp1622458036-56) [ x:final_authors] o.a.s.c.S.Request webapp=/solr path=/admin/ping params={action=status&wt=json&_=1671212379519&ts=1671212379519} status=503 QTime=2
2022-12-17 15:20:08.235 INFO  (qtp1622458036-41) [ x:final_authors] o.a.s.c.S.Request webapp=/solr path=/replication params={wt=json&command=details&_=1671240878688} status=0 QTime=10
2022-12-17 15:20:08.235 INFO  (qtp1622458036-18) [ x:final_authors] o.a.s.c.S.Request webapp=/solr path=/admin/system params={wt=json&_=1671240878687} status=0 QTime=9
2022-12-17 15:20:17.677 INFO  (qtp1622458036-18) [] o.a.s.s.HttpSolrCall [admin] webapp=null path=/admin/cores params={indexInfo=false&wt=json&_=1671212379519} status=0 QTime=0
2022-12-17 15:20:17.689 INFO  (qtp1622458036-59) [] o.a.s.s.HttpSolrCall [admin] webapp=null path=/admin/info/system params={wt=json&_=1671212379519} status=0 QTime=12
2022-12-17 15:20:17.692 INFO  (qtp1622458036-60) [] o.a.s.s.HttpSolrCall [admin] webapp=null path=/admin/cores params={wt=json&_=1671212379519} status=0 QTime=15
2022-12-17 15:20:17.724 INFO  (qtp1622458036-56) [] o.a.s.s.HttpSolrCall [admin] webapp=null path=/admin/cores params={indexInfo=false&wt=json&_=1671212379519} status=0 QTime=0
2022-12-17 15:20:17.735 INFO  (qtp1622458036-25) [] o.a.s.s.HttpSolrCall [admin] webapp=null path=/admin/cores params={wt=json&_=1671212379519} status=0 QTime=11
2022-12-17 15:20:17.741 INFO  (qtp1622458036-41) [] o.a.s.s.HttpSolrCall [admin] webapp=null path=/admin/info/system params={wt=json&_=1671212379519} status=0 QTime=17
2022-12-17 15:20:25.902 INFO  (qtp1622458036-18) [] o.a.s.s.HttpSolrCall [admin] webapp=null path=/admin/cores params={indexInfo=false&wt=json&_=1671212379519} status=0 QTime=0
2022-12-17 15:20:26.023 INFO  (qtp1622458036-60) [] o.a.s.s.HttpSolrCall [admin] webapp=null path=/admin/info/threads params={wt=json&_=1671290425896} status=0 QTime=119
2022-12-17 15:20:26.024 INFO  (qtp1622458036-41) [] o.a.s.s.HttpSolrCall [admin] webapp=null path=/admin/info/system params={wt=json&_=1671212379519} status=0 QTime=120
2022-12-17 15:20:27.964 INFO  (qtp1622458036-53) [] o.a.s.s.HttpSolrCall [admin] webapp=null path=/admin/cores params={indexInfo=false&wt=json&_=1671212379519} status=0 QTime=0
2022-12-17 15:20:27.970 INFO  (qtp1622458036-49) [ x:final_authors] o.a.s.c.S.Request webapp=/solr path=/admin/ping params={action=status&wt=json&_=1671212379519&ts=1671212379519} status=503 QTime=0
2022-12-17 15:20:27.971 INFO  (qtp1622458036-25) [ x:final_authors] o.a.s.c.S.Request webapp=/solr path=/admin/luke params={numTerms=0&show=index&wt=json&_=1671240878687} status=0 QTime=0
2022-12-17 15:20:27.971 INFO  (qtp1622458036-60) [] o.a.s.s.HttpSolrCall [admin] webapp=null path=/admin/info/system params={wt=json&_=1671212379519} status=0 QTime=6
2022-12-17 15:20:27.975 INFO  (qtp1622458036-46) [ x:final_authors] o.a.s.c.S.Request webapp=/solr path=/admin/system params={wt=json&_=1671240878687} status=0 QTime=5
2022-12-17 15:20:27.982 INFO  (qtp1622458036-41) [ x:final_authors] o.a.s.c.S.Request webapp=/solr path=/replication params={wt=json&command=details&_=1671240878688} status=0 QTime=11
2022-12-17 15:20:28.796 INFO  (qtp1622458036-41) [] o.a.s.s.HttpSolrCall [admin] webapp=null path=/admin/cores params={indexInfo=false&wt=json&_=1671212379519} status=0 QTime=0
2022-12-17 15:20:28.802 INFO  (qtp1622458036-56) [ x:final_authors] o.a.s.c.S.Request webapp=/solr path=/admin/luke params={show=schema&wt=json&_=1671240878687} status=0 QTime=6
2022-12-17 15:20:28.813 INFO  (qtp1622458036-59) [] o.a.s.s.HttpSolrCall [admin] webapp=null path=/admin/info/system params={wt=json&_=1671212379519} status=0 QTime=16
2022-12-17 15:20:31.360 INFO  (qtp1622458036-25) [] o.a.s.s.HttpSolrCall [admin] webapp=null path=/admin/cores params={indexInfo=false&wt=json&_=1671212379519} status=0 QTime=0
2022-12-17 15:20:31.363 INFO  (qtp1622458036-18) [ x:final_authors] o.a.s.c.S.Request webapp=/solr path=/admin/luke params={numTerms=0&show=index&wt=json&_=1671240878687} status=0 QTime=0
2022-12-17 15:20:31.376 INFO  (qtp1622458036-46) [] o.a.s.s.HttpSolrCall [admin] webapp=null path=/admin/info/system params={wt=json&_=1671212379519} status=0 QTime=15
2022-12-17 15:20:31.378 INFO  (qtp1622458036-53) [ x:final_authors] o.a.s.c.S.Request webapp=/solr path=/admin/ping params={action=status&wt=json&_=1671212379519&ts=1671212379519} status=503 QTime=0
2022-12-17 15:20:31.379 INFO  (qtp1622458036-56) [ x:final_authors] o.a.s.c.S.Request webapp=/solr path=/replication params={wt=json&command=details&_=1671240878688} status=0 QTime=13
2022-12-17 15:20:31.385 INFO  (qtp1622458036-41) [ x:final_authors] o.a.s.c.S.Request webapp=/solr path=/admin/system params={wt=json&_=1671240878687} status=0 QTime=11
2022-12-17 15:23:26.897 INFO  (qtp1622458036-26) [ x:final_authors] o.a.s.c.S.Request webapp=/solr path=/select params={q=*:*&indent=true&q.op=OR&rows=0&wt=json&useParams=} hits=23 status=0 QTime=0
2022-12-17 15:23:26.907 INFO  (qtp1622458036-59) [ x:final_authors] o.a.s.c.S.Request webapp=/solr path=/select params={q=*:*&indent=true&fl=author,id&q.op=OR&rows=1000&useParams=} hits=23 status=0 QTime=0
2022-12-17 15:23:29.158 INFO  (searcherExecutor-12-thread-1-processing-final_authors) [ x:final_authors] o.a.s.c.QuerySenderListener QuerySenderListener done.
2022-12-17 15:23:29.165 INFO  (searcherExecutor-12-thread-1-processing-final_authors) [ x:final_authors] o.a.s.c.SolrCore Registered new searcher autowarm time: 0 ms
2022-12-17 15:23:29.207 INFO  (qtp1622458036-45) [ x:final_authors] o.a.s.u.p.LogUpdateProcessorFactory webapp=/solr path=/update params={commit=true}{deleteByQuery=*:* (-1752475221769584640), commit=} 0 67
2022-12-17 15:23:30.782 INFO  (qtp1622458036-25) [ x:final_authors] o.a.s.c.S.Request webapp=/solr path=/select params={q=*:*&indent=true&q.op=OR&rows=0&wt=json&useParams=} hits=0 status=0 QTime=0
2022-12-17 15:23:30.793 INFO  (qtp1622458036-49) [ x:final_authors] o.a.s.c.S.Request webapp=/solr path=/select params={q=*:*&indent=true&fl=author,id&q.op=OR&rows=1000&useParams=} hits=0 status=0 QTime=0
2022-12-17 15:23:32.133 INFO  (qtp1622458036-18) [ x:final_authors] o.a.s.c.S.Request webapp=/solr path=/select params={q=*:*&indent=true&fl=author,id&q.op=OR&sort=field(author)+asc&rows=1000&useParams=} hits=0 status=0 QTime=0
